
  .   ____          _            __ _ _
 /\\ / ___'_ __ _ _(_)_ __  __ _ \ \ \ \
( ( )\___ | '_ | '_| | '_ \/ _` | \ \ \ \
 \\/  ___)| |_)| | | | | || (_| |  ) ) ) )
  '  |____| .__|_| |_|_| |_\__, | / / / /
 =========|_|==============|___/=/_/_/_/

 :: Spring Boot ::                (v3.4.1)

2026-02-04T12:43:18.620+05:30  INFO 24140 --- [careernestbackend] [           main] c.n.c.CareernestbackendApplication       : Starting CareernestbackendApplication v0.0.1-SNAPSHOT using Java 21.0.8 with PID 24140 (C:\Users\SINGAPORE\Desktop\Neo_Careernest\careernestbackend\target\careernestbackend-0.0.1-SNAPSHOT.jar started by SINGAPORE in C:\Users\SINGAPORE\Desktop\Neo_Careernest\careernestbackend)
2026-02-04T12:43:18.623+05:30 DEBUG 24140 --- [careernestbackend] [           main] c.n.c.CareernestbackendApplication       : Running with Spring Boot v3.4.1, Spring v6.2.1
2026-02-04T12:43:18.624+05:30  INFO 24140 --- [careernestbackend] [           main] c.n.c.CareernestbackendApplication       : No active profile set, falling back to 1 default profile: "default"
2026-02-04T12:43:19.840+05:30  INFO 24140 --- [careernestbackend] [           main] .s.d.r.c.RepositoryConfigurationDelegate : Bootstrapping Spring Data JPA repositories in DEFAULT mode.
2026-02-04T12:43:19.950+05:30  INFO 24140 --- [careernestbackend] [           main] .s.d.r.c.RepositoryConfigurationDelegate : Finished Spring Data repository scanning in 96 ms. Found 8 JPA repository interfaces.
2026-02-04T12:43:21.586+05:30  INFO 24140 --- [careernestbackend] [           main] o.s.b.w.embedded.tomcat.TomcatWebServer  : Tomcat initialized with port 8080 (http)
2026-02-04T12:43:21.621+05:30  INFO 24140 --- [careernestbackend] [           main] o.apache.catalina.core.StandardService   : Starting service [Tomcat]
2026-02-04T12:43:21.623+05:30  INFO 24140 --- [careernestbackend] [           main] o.apache.catalina.core.StandardEngine    : Starting Servlet engine: [Apache Tomcat/10.1.34]
2026-02-04T12:43:21.709+05:30  INFO 24140 --- [careernestbackend] [           main] o.a.c.c.C.[Tomcat].[localhost].[/]       : Initializing Spring embedded WebApplicationContext
2026-02-04T12:43:21.713+05:30  INFO 24140 --- [careernestbackend] [           main] w.s.c.ServletWebServerApplicationContext : Root WebApplicationContext: initialization completed in 3023 ms
2026-02-04T12:43:21.930+05:30  INFO 24140 --- [careernestbackend] [           main] com.zaxxer.hikari.HikariDataSource       : HikariPool-1 - Starting...
2026-02-04T12:43:22.493+05:30  INFO 24140 --- [careernestbackend] [           main] com.zaxxer.hikari.pool.HikariPool        : HikariPool-1 - Added connection com.mysql.cj.jdbc.ConnectionImpl@6c17c0f8
2026-02-04T12:43:22.502+05:30  INFO 24140 --- [careernestbackend] [           main] com.zaxxer.hikari.HikariDataSource       : HikariPool-1 - Start completed.
2026-02-04T12:43:22.718+05:30  INFO 24140 --- [careernestbackend] [           main] o.hibernate.jpa.internal.util.LogHelper  : HHH000204: Processing PersistenceUnitInfo [name: default]
2026-02-04T12:43:22.928+05:30  INFO 24140 --- [careernestbackend] [           main] org.hibernate.Version                    : HHH000412: Hibernate ORM core version 6.6.4.Final
2026-02-04T12:43:23.046+05:30  INFO 24140 --- [careernestbackend] [           main] o.h.c.internal.RegionFactoryInitiator    : HHH000026: Second-level cache disabled
2026-02-04T12:43:24.257+05:30  INFO 24140 --- [careernestbackend] [           main] o.s.o.j.p.SpringPersistenceUnitInfo      : No LoadTimeWeaver setup: ignoring JPA class transformer
2026-02-04T12:43:24.626+05:30  INFO 24140 --- [careernestbackend] [           main] org.hibernate.orm.connections.pooling    : HHH10001005: Database info:
	Database JDBC URL [Connecting through datasource 'HikariDataSource (HikariPool-1)']
	Database driver: undefined/unknown
	Database version: 8.0.42
	Autocommit mode: undefined/unknown
	Isolation level: undefined/unknown
	Minimum pool size: undefined/unknown
	Maximum pool size: undefined/unknown
2026-02-04T12:43:27.225+05:30  INFO 24140 --- [careernestbackend] [           main] o.h.e.t.j.p.i.JtaPlatformInitiator       : HHH000489: No JTA platform available (set 'hibernate.transaction.jta.platform' to enable JTA platform integration)
2026-02-04T12:43:27.444+05:30  INFO 24140 --- [careernestbackend] [           main] j.LocalContainerEntityManagerFactoryBean : Initialized JPA EntityManagerFactory for persistence unit 'default'
2026-02-04T12:43:28.334+05:30 DEBUG 24140 --- [careernestbackend] [           main] c.n.c.config.JwtAuthenticationFilter     : Filter 'jwtAuthenticationFilter' configured for use
2026-02-04T12:43:28.513+05:30  INFO 24140 --- [careernestbackend] [           main] o.s.d.j.r.query.QueryEnhancerFactory     : Hibernate is in classpath; If applicable, HQL parser will be used.
2026-02-04T12:43:31.765+05:30  INFO 24140 --- [careernestbackend] [           main] r$InitializeUserDetailsManagerConfigurer : Global AuthenticationManager configured with UserDetailsService bean with name userService
2026-02-04T12:43:32.023+05:30  WARN 24140 --- [careernestbackend] [           main] JpaBaseConfiguration$JpaWebConfiguration : spring.jpa.open-in-view is enabled by default. Therefore, database queries may be performed during view rendering. Explicitly configure spring.jpa.open-in-view to disable this warning
2026-02-04T12:43:32.235+05:30  INFO 24140 --- [careernestbackend] [           main] o.s.b.a.w.s.WelcomePageHandlerMapping    : Adding welcome page: class path resource [static/index.html]
2026-02-04T12:43:32.751+05:30 DEBUG 24140 --- [careernestbackend] [           main] o.s.s.web.DefaultSecurityFilterChain     : Will secure any request with filters: DisableEncodeUrlFilter, WebAsyncManagerIntegrationFilter, SecurityContextHolderFilter, HeaderWriterFilter, CorsFilter, LogoutFilter, RequestCacheAwareFilter, SecurityContextHolderAwareRequestFilter, AnonymousAuthenticationFilter, SessionManagementFilter, ExceptionTranslationFilter, AuthorizationFilter
2026-02-04T12:43:33.309+05:30  INFO 24140 --- [careernestbackend] [           main] o.s.b.w.embedded.tomcat.TomcatWebServer  : Tomcat started on port 8080 (http) with context path '/'
2026-02-04T12:43:33.343+05:30  INFO 24140 --- [careernestbackend] [           main] c.n.c.CareernestbackendApplication       : Started CareernestbackendApplication in 15.284 seconds (process running for 16.054)
Hibernate: 
    select
        u1_0.id 
    from
        users u1_0 
    where
        u1_0.email=? 
    limit
        ?
2026-02-04T12:43:33.648+05:30 DEBUG 24140 --- [careernestbackend] [           main] c.n.c.config.DemoUserInitializer         : Demo user jobseeker@demo.com already exists, skipping creation.
Hibernate: 
    select
        u1_0.id 
    from
        users u1_0 
    where
        u1_0.email=? 
    limit
        ?
2026-02-04T12:43:33.654+05:30 DEBUG 24140 --- [careernestbackend] [           main] c.n.c.config.DemoUserInitializer         : Demo user hr@neo.com already exists, skipping creation.
